INFO:     Started server process [29821]
INFO:     Waiting for application startup.
Warning: You are sending unauthenticated requests to the HF Hub. Please set a HF_TOKEN to enable higher rate limits and faster downloads.
Starting up Sahara RAG Pipeline...
Warning: SAHARA_TOKEN_SECRET is using default value. Set a strong secret for production.
ffmpeg ready: /home/shivansh-soni/Projects/hackathon/SAHARA/venv/lib/python3.12/site-packages/imageio_ffmpeg/binaries/ffmpeg-linux-x86_64-v7.0.2
Loading weights:   0%|          | 0/103 [00:00<?, ?it/s]Loading weights: 100%|██████████| 103/103 [00:00<00:00, 4584.72it/s]
[1mBertModel LOAD REPORT[0m from: sentence-transformers/all-MiniLM-L6-v2
Key                     | Status     |  | 
------------------------+------------+--+-
embeddings.position_ids | UNEXPECTED |  | 

[3mNotes:
- UNEXPECTED[3m	:can be ignored when loading from different task/architecture; not ok if you expect identical arch.[0m
  → Building RAG index from database...
    • Fetched 3382 government schemes from database
    • Fetched 45 NGOs from database
    • Built 3427 searchable documents
    • Built BM25 sparse index
  ✓ Cached RAG data to disk for faster startup
Loading weights:   0%|          | 0/105 [00:00<?, ?it/s]Loading weights: 100%|██████████| 105/105 [00:00<00:00, 6170.43it/s]
[1mBertForSequenceClassification LOAD REPORT[0m from: cross-encoder/ms-marco-MiniLM-L-6-v2
Key                          | Status     |  | 
-----------------------------+------------+--+-
bert.embeddings.position_ids | UNEXPECTED |  | 

[3mNotes:
- UNEXPECTED[3m	:can be ignored when loading from different task/architecture; not ok if you expect identical arch.[0m
INFO:     Application startup complete.
INFO:     Uvicorn running on http://0.0.0.0:8501 (Press CTRL+C to quit)
